
> client@0.1.0 build
> next build

 ⚠ Warning: Found multiple lockfiles. Selecting C:\Users\willi\package-lock.json.
   Consider removing the lockfiles at:
   * C:\Users\willi\Documents\ttechinitiative\client\package-lock.json

   ▲ Next.js 15.4.5
   - Environments: .env.local, .env

   Creating an optimized production build ...
 ✓ Compiled successfully in 15.0s
   Linting and checking validity of types ...

Failed to compile.

./src/app/api/admin/users/route.temp.ts
41:27  Warning: 'request' is defined but never used.  @typescript-eslint/no-unused-vars

./src/app/api/admin/users/route.ts
49:14  Warning: 'authError' is defined but never used.  @typescript-eslint/no-unused-vars
115:14  Warning: 'authError' is defined but never used.  @typescript-eslint/no-unused-vars

./src/app/api/debug/env/route.ts
4:27  Warning: 'request' is defined but never used.  @typescript-eslint/no-unused-vars

./src/app/api/debug/firebase/route.ts
5:27  Warning: 'request' is defined but never used.  @typescript-eslint/no-unused-vars

./src/app/api/test/route.ts
4:27  Warning: 'request' is defined but never used.  @typescript-eslint/no-unused-vars

./src/app/dashboard/teacher/TeacherDashboard.tsx
5:75  Warning: 'List' is defined but never used.  @typescript-eslint/no-unused-vars
5:81  Warning: 'ListItem' is defined but never used.  @typescript-eslint/no-unused-vars
5:91  Warning: 'ListItemText' is defined but never used.  @typescript-eslint/no-unused-vars
5:105  Warning: 'Paper' is defined but never used.  @typescript-eslint/no-unused-vars
10:55  Warning: 'errors' is assigned a value but never used.  @typescript-eslint/no-unused-vars
11:35  Warning: 'isAdding' is assigned a value but never used.  @typescript-eslint/no-unused-vars
12:17  Warning: 'programs' is assigned a value but never used.  @typescript-eslint/no-unused-vars
12:43  Warning: 'isLoadingPrograms' is assigned a value but never used.  @typescript-eslint/no-unused-vars

./src/app/dashboard/users/page.tsx
21:9  Warning: 'dispatch' is assigned a value but never used.  @typescript-eslint/no-unused-vars

./src/app/events/page.tsx
7:10  Warning: 'UserType' is defined but never used.  @typescript-eslint/no-unused-vars
14:19  Warning: 'searchParams' is defined but never used.  @typescript-eslint/no-unused-vars

./src/app/login/page.tsx
7:32  Warning: 'login' is defined but never used.  @typescript-eslint/no-unused-vars
7:75  Warning: 'selectIsAuthenticated' is defined but never used.  @typescript-eslint/no-unused-vars
8:10  Warning: 'User' is defined but never used.  @typescript-eslint/no-unused-vars
9:42  Warning: 'AppDispatch' is defined but never used.  @typescript-eslint/no-unused-vars
23:9  Warning: 'authStatus' is assigned a value but never used.  @typescript-eslint/no-unused-vars

./src/app/page.tsx
1:8  Warning: 'Image' is defined but never used.  @typescript-eslint/no-unused-vars

./src/app/programs/page.tsx
3:35  Warning: 'FaChalkboardTeacher' is defined but never used.  @typescript-eslint/no-unused-vars
3:83  Warning: 'FaChartLine' is defined but never used.  @typescript-eslint/no-unused-vars

./src/app/volunteer/page.tsx
3:8  Warning: 'Button' is defined but never used.  @typescript-eslint/no-unused-vars
4:47  Warning: 'FaLaptopCode' is defined but never used.  @typescript-eslint/no-unused-vars
5:36  Warning: 'GiNetworkBars' is defined but never used.  @typescript-eslint/no-unused-vars
5:51  Warning: 'GiOfficeChair' is defined but never used.  @typescript-eslint/no-unused-vars
6:10  Warning: 'MdOutlineEventNote' is defined but never used.  @typescript-eslint/no-unused-vars

./src/components/admin/AddUserDialog.tsx
27:9  Warning: 'theme' is assigned a value but never used.  @typescript-eslint/no-unused-vars

./src/components/admin/Dashboard.tsx
12:3  Warning: 'ListItemText' is defined but never used.  @typescript-eslint/no-unused-vars

./src/components/admin/EventManagement/EventManagement.tsx
42:18  Warning: 'MoneyIcon' is defined but never used.  @typescript-eslint/no-unused-vars
48:3  Warning: 'UpdateEventData' is defined but never used.  @typescript-eslint/no-unused-vars
105:6  Warning: React Hook useEffect has a missing dependency: 'filterEvents'. Either include it or remove the dependency array.  react-hooks/exhaustive-deps
156:14  Warning: 'err' is defined but never used.  @typescript-eslint/no-unused-vars

./src/components/admin/ProgramManagement/ProgramManagement.tsx
24:3  Warning: 'FormHelperText' is defined but never used.  @typescript-eslint/no-unused-vars

./src/components/admin/Reports.tsx
110:9  Warning: 'getStatusColor' is assigned a value but never used.  @typescript-eslint/no-unused-vars

./src/components/admin/Settings/ProfileTab.tsx
90:14  Warning: 'err' is defined but never used.  @typescript-eslint/no-unused-vars
122:14  Warning: 'err' is defined but never used.  @typescript-eslint/no-unused-vars

./src/components/admin/Settings/SecurityTab.tsx
15:3  Warning: 'Chip' is defined but never used.  @typescript-eslint/no-unused-vars
22:15  Warning: 'SecurityIcon' is defined but never used.  @typescript-eslint/no-unused-vars
75:14  Warning: 'err' is defined but never used.  @typescript-eslint/no-unused-vars
94:32  Warning: 'setting' is defined but never used.  @typescript-eslint/no-unused-vars

./src/components/admin/UserManagement.tsx
3:10  Warning: 'onAuthStateChanged' is defined but never used.  @typescript-eslint/no-unused-vars
3:38  Warning: 'FirebaseUser' is defined but never used.  @typescript-eslint/no-unused-vars

./src/components/Home.tsx
10:3  Warning: 'FaChartLine' is defined but never used.  @typescript-eslint/no-unused-vars
14:10  Warning: 'GiGraduateCap' is defined but never used.  @typescript-eslint/no-unused-vars

./src/components/ui/Button.tsx
9:6  Warning: 'Url' is defined but never used.  @typescript-eslint/no-unused-vars

./src/lib/auth-utils.ts
5:35  Warning: 'req' is defined but never used.  @typescript-eslint/no-unused-vars

./src/services/api.js
56:27  Warning: 'userId' is defined but never used.  @typescript-eslint/no-unused-vars
56:35  Warning: 'programId' is defined but never used.  @typescript-eslint/no-unused-vars
81:28  Warning: 'userId' is defined but never used.  @typescript-eslint/no-unused-vars
81:36  Warning: 'eventId' is defined but never used.  @typescript-eslint/no-unused-vars
90:30  Warning: 'messageData' is defined but never used.  @typescript-eslint/no-unused-vars

./src/services/dashboardService.ts
8:3  Warning: 'Timestamp' is defined but never used.  @typescript-eslint/no-unused-vars

./src/services/eventService.ts
12:3  Warning: 'QueryDocumentSnapshot' is defined but never used.  @typescript-eslint/no-unused-vars

./src/services/firebase.ts
19:13  Warning: 'key' is defined but never used.  @typescript-eslint/no-unused-vars

./src/services/reportsService.ts
4:3  Warning: 'query' is defined but never used.  @typescript-eslint/no-unused-vars
5:3  Warning: 'where' is defined but never used.  @typescript-eslint/no-unused-vars
6:3  Warning: 'orderBy' is defined but never used.  @typescript-eslint/no-unused-vars
8:3  Warning: 'startAfter' is defined but never used.  @typescript-eslint/no-unused-vars
9:3  Warning: 'limit' is defined but never used.  @typescript-eslint/no-unused-vars
156:11  Warning: 'thirtyDaysAgo' is assigned a value but never used.  @typescript-eslint/no-unused-vars

./src/services/userManagementService.js
2:56  Warning: 'deleteAuthUser' is defined but never used.  @typescript-eslint/no-unused-vars
26:7  Warning: 'generatePassword' is assigned a value but never used.  @typescript-eslint/no-unused-vars
70:23  Warning: '_' is assigned a value but never used.  @typescript-eslint/no-unused-vars

./src/services/__tests__/userService.test.js
1:47  Warning: 'afterEach' is defined but never used.  @typescript-eslint/no-unused-vars
28:9  Warning: 'mockUserData' is assigned a value but never used.  @typescript-eslint/no-unused-vars

./src/store/Admin/programSlice.js
14:3  Warning: 'Timestamp' is defined but never used.  @typescript-eslint/no-unused-vars

./src/store/Admin/userManagementSlice.js
94:46  Warning: 'action' is defined but never used.  @typescript-eslint/no-unused-vars

./src/store/Auth/authSlice.ts
64:15  Warning: 'unsubscribe' is assigned a value but never used.  @typescript-eslint/no-unused-vars

./src/store/store.ts
18:13  Warning: '_key' is defined but never used.  @typescript-eslint/no-unused-vars
24:16  Warning: '_key' is defined but never used.  @typescript-eslint/no-unused-vars

./src/store/types.ts
1:10  Warning: 'User' is defined but never used.  @typescript-eslint/no-unused-vars
92:13  Error: An interface declaring no members is equivalent to its supertype.  @typescript-eslint/no-empty-object-type

./src/types/next-auth.d.ts
1:8  Warning: 'NextAuth' is defined but never used.  @typescript-eslint/no-unused-vars

info  - Need to disable some ESLint rules? Learn more here: https://nextjs.org/docs/app/api-reference/config/eslint#disabling-rules
